<?xml version="1.0" encoding="UTF-8"?>
<!-- Generated by org.testng.reporters.JUnitXMLReporter -->
<testsuite ignored="0" hostname="ip-10-7-0-2.ap-southeast-1.compute.internal" failures="10" tests="10" name="test" time="180.933" errors="0" timestamp="2024-04-23T10:15:43 ICT">
  <testcase classname="parampoint.Signup" name="test09" time="26.119">
    <failure type="org.openqa.selenium.NoSuchElementException" message="Unable to locate element: #cPassword
For documentation on this error, please visit: https://www.selenium.dev/documentation/webdriver/troubleshooting/errors#no-such-element-exception
Build info: version: &amp;apos;4.19.1&amp;apos;, revision: &amp;apos;abe0ee07dc&amp;apos;
System info: os.name: &amp;apos;Mac OS X&amp;apos;, os.arch: &amp;apos;x86_64&amp;apos;, os.version: &amp;apos;13.5.2&amp;apos;, java.version: &amp;apos;21.0.1&amp;apos;
Driver info: org.openqa.selenium.firefox.FirefoxDriver
Command: [c265c0ff-88b9-4021-92e2-d76900c10ec0, findElement {using=id, value=cPassword}]
Capabilities {acceptInsecureCerts: true, browserName: firefox, browserVersion: 124.0.2, moz:accessibilityChecks: false, moz:buildID: 20240401114208, moz:debuggerAddress: 127.0.0.1:9789, moz:geckodriverVersion: 0.34.0, moz:headless: false, moz:platformVersion: 22.6.0, moz:processID: 2763, moz:profile: /var/folders/yc/rhwgwsvx58g..., moz:shutdownTimeout: 60000, moz:webdriverClick: true, moz:windowless: false, pageLoadStrategy: normal, platformName: mac, proxy: Proxy(), se:cdp: ws://127.0.0.1:9789/devtool..., se:cdpVersion: 85.0, setWindowRect: true, strictFileInteractability: false, timeouts: {implicit: 0, pageLoad: 300000, script: 30000}, unhandledPromptBehavior: dismiss and notify}
Session ID: c265c0ff-88b9-4021-92e2-d76900c10ec0">
      <![CDATA[org.openqa.selenium.NoSuchElementException: Unable to locate element: #cPassword
For documentation on this error, please visit: https://www.selenium.dev/documentation/webdriver/troubleshooting/errors#no-such-element-exception
Build info: version: '4.19.1', revision: 'abe0ee07dc'
System info: os.name: 'Mac OS X', os.arch: 'x86_64', os.version: '13.5.2', java.version: '21.0.1'
Driver info: org.openqa.selenium.firefox.FirefoxDriver
Command: [c265c0ff-88b9-4021-92e2-d76900c10ec0, findElement {using=id, value=cPassword}]
Capabilities {acceptInsecureCerts: true, browserName: firefox, browserVersion: 124.0.2, moz:accessibilityChecks: false, moz:buildID: 20240401114208, moz:debuggerAddress: 127.0.0.1:9789, moz:geckodriverVersion: 0.34.0, moz:headless: false, moz:platformVersion: 22.6.0, moz:processID: 2763, moz:profile: /var/folders/yc/rhwgwsvx58g..., moz:shutdownTimeout: 60000, moz:webdriverClick: true, moz:windowless: false, pageLoadStrategy: normal, platformName: mac, proxy: Proxy(), se:cdp: ws://127.0.0.1:9789/devtool..., se:cdpVersion: 85.0, setWindowRect: true, strictFileInteractability: false, timeouts: {implicit: 0, pageLoad: 300000, script: 30000}, unhandledPromptBehavior: dismiss and notify}
Session ID: c265c0ff-88b9-4021-92e2-d76900c10ec0
at org.openqa.selenium.remote.ErrorCodec.decode(ErrorCodec.java:167)
at org.openqa.selenium.remote.codec.w3c.W3CHttpResponseCodec.decode(W3CHttpResponseCodec.java:138)
at org.openqa.selenium.remote.codec.w3c.W3CHttpResponseCodec.decode(W3CHttpResponseCodec.java:50)
at org.openqa.selenium.remote.HttpCommandExecutor.execute(HttpCommandExecutor.java:190)
at org.openqa.selenium.remote.service.DriverCommandExecutor.invokeExecute(DriverCommandExecutor.java:216)
at org.openqa.selenium.remote.service.DriverCommandExecutor.execute(DriverCommandExecutor.java:174)
at org.openqa.selenium.remote.RemoteWebDriver.execute(RemoteWebDriver.java:518)
at org.openqa.selenium.remote.ElementLocation$ElementFinder$2.findElement(ElementLocation.java:165)
at org.openqa.selenium.remote.ElementLocation.findElement(ElementLocation.java:59)
at org.openqa.selenium.remote.RemoteWebDriver.findElement(RemoteWebDriver.java:355)
at org.openqa.selenium.remote.RemoteWebDriver.findElement(RemoteWebDriver.java:349)
at parampoint.Signup.RefferParams(Signup.java:26)
at parampoint.Signup.test09(Signup.java:89)
at java.base/java.util.concurrent.ThreadPoolExecutor.runWorker(ThreadPoolExecutor.java:1144)
at java.base/java.util.concurrent.ThreadPoolExecutor$Worker.run(ThreadPoolExecutor.java:642)
at java.base/java.lang.Thread.run(Thread.java:1583)
... Removed 13 stack frames]]>
    </failure>
  </testcase> <!-- test09 -->
  <testcase classname="parampoint.Signup" name="test01" time="26.189">
    <failure type="org.openqa.selenium.NoSuchElementException" message="Unable to locate element: #cPassword
For documentation on this error, please visit: https://www.selenium.dev/documentation/webdriver/troubleshooting/errors#no-such-element-exception
Build info: version: &amp;apos;4.19.1&amp;apos;, revision: &amp;apos;abe0ee07dc&amp;apos;
System info: os.name: &amp;apos;Mac OS X&amp;apos;, os.arch: &amp;apos;x86_64&amp;apos;, os.version: &amp;apos;13.5.2&amp;apos;, java.version: &amp;apos;21.0.1&amp;apos;
Driver info: org.openqa.selenium.firefox.FirefoxDriver
Command: [8d8c9b26-8dfb-4ad8-9fd0-4aa8cf584889, findElement {using=id, value=cPassword}]
Capabilities {acceptInsecureCerts: true, browserName: firefox, browserVersion: 124.0.2, moz:accessibilityChecks: false, moz:buildID: 20240401114208, moz:debuggerAddress: 127.0.0.1:19767, moz:geckodriverVersion: 0.34.0, moz:headless: false, moz:platformVersion: 22.6.0, moz:processID: 2760, moz:profile: /var/folders/yc/rhwgwsvx58g..., moz:shutdownTimeout: 60000, moz:webdriverClick: true, moz:windowless: false, pageLoadStrategy: normal, platformName: mac, proxy: Proxy(), se:cdp: ws://127.0.0.1:19767/devtoo..., se:cdpVersion: 85.0, setWindowRect: true, strictFileInteractability: false, timeouts: {implicit: 0, pageLoad: 300000, script: 30000}, unhandledPromptBehavior: dismiss and notify}
Session ID: 8d8c9b26-8dfb-4ad8-9fd0-4aa8cf584889">
      <![CDATA[org.openqa.selenium.NoSuchElementException: Unable to locate element: #cPassword
For documentation on this error, please visit: https://www.selenium.dev/documentation/webdriver/troubleshooting/errors#no-such-element-exception
Build info: version: '4.19.1', revision: 'abe0ee07dc'
System info: os.name: 'Mac OS X', os.arch: 'x86_64', os.version: '13.5.2', java.version: '21.0.1'
Driver info: org.openqa.selenium.firefox.FirefoxDriver
Command: [8d8c9b26-8dfb-4ad8-9fd0-4aa8cf584889, findElement {using=id, value=cPassword}]
Capabilities {acceptInsecureCerts: true, browserName: firefox, browserVersion: 124.0.2, moz:accessibilityChecks: false, moz:buildID: 20240401114208, moz:debuggerAddress: 127.0.0.1:19767, moz:geckodriverVersion: 0.34.0, moz:headless: false, moz:platformVersion: 22.6.0, moz:processID: 2760, moz:profile: /var/folders/yc/rhwgwsvx58g..., moz:shutdownTimeout: 60000, moz:webdriverClick: true, moz:windowless: false, pageLoadStrategy: normal, platformName: mac, proxy: Proxy(), se:cdp: ws://127.0.0.1:19767/devtoo..., se:cdpVersion: 85.0, setWindowRect: true, strictFileInteractability: false, timeouts: {implicit: 0, pageLoad: 300000, script: 30000}, unhandledPromptBehavior: dismiss and notify}
Session ID: 8d8c9b26-8dfb-4ad8-9fd0-4aa8cf584889
at org.openqa.selenium.remote.ErrorCodec.decode(ErrorCodec.java:167)
at org.openqa.selenium.remote.codec.w3c.W3CHttpResponseCodec.decode(W3CHttpResponseCodec.java:138)
at org.openqa.selenium.remote.codec.w3c.W3CHttpResponseCodec.decode(W3CHttpResponseCodec.java:50)
at org.openqa.selenium.remote.HttpCommandExecutor.execute(HttpCommandExecutor.java:190)
at org.openqa.selenium.remote.service.DriverCommandExecutor.invokeExecute(DriverCommandExecutor.java:216)
at org.openqa.selenium.remote.service.DriverCommandExecutor.execute(DriverCommandExecutor.java:174)
at org.openqa.selenium.remote.RemoteWebDriver.execute(RemoteWebDriver.java:518)
at org.openqa.selenium.remote.ElementLocation$ElementFinder$2.findElement(ElementLocation.java:165)
at org.openqa.selenium.remote.ElementLocation.findElement(ElementLocation.java:59)
at org.openqa.selenium.remote.RemoteWebDriver.findElement(RemoteWebDriver.java:355)
at org.openqa.selenium.remote.RemoteWebDriver.findElement(RemoteWebDriver.java:349)
at parampoint.Signup.RefferParams(Signup.java:26)
at parampoint.Signup.test01(Signup.java:57)
at java.base/java.util.concurrent.ThreadPoolExecutor.runWorker(ThreadPoolExecutor.java:1144)
at java.base/java.util.concurrent.ThreadPoolExecutor$Worker.run(ThreadPoolExecutor.java:642)
at java.base/java.lang.Thread.run(Thread.java:1583)
... Removed 13 stack frames]]>
    </failure>
  </testcase> <!-- test01 -->
  <testcase classname="parampoint.Signup" name="test03" time="26.5">
    <failure type="org.openqa.selenium.NoSuchElementException" message="Unable to locate element: #cPassword
For documentation on this error, please visit: https://www.selenium.dev/documentation/webdriver/troubleshooting/errors#no-such-element-exception
Build info: version: &amp;apos;4.19.1&amp;apos;, revision: &amp;apos;abe0ee07dc&amp;apos;
System info: os.name: &amp;apos;Mac OS X&amp;apos;, os.arch: &amp;apos;x86_64&amp;apos;, os.version: &amp;apos;13.5.2&amp;apos;, java.version: &amp;apos;21.0.1&amp;apos;
Driver info: org.openqa.selenium.firefox.FirefoxDriver
Command: [318f5cf5-f748-4743-bc98-5d10a706f7db, findElement {using=id, value=cPassword}]
Capabilities {acceptInsecureCerts: true, browserName: firefox, browserVersion: 124.0.2, moz:accessibilityChecks: false, moz:buildID: 20240401114208, moz:debuggerAddress: 127.0.0.1:44626, moz:geckodriverVersion: 0.34.0, moz:headless: false, moz:platformVersion: 22.6.0, moz:processID: 2759, moz:profile: /var/folders/yc/rhwgwsvx58g..., moz:shutdownTimeout: 60000, moz:webdriverClick: true, moz:windowless: false, pageLoadStrategy: normal, platformName: mac, proxy: Proxy(), se:cdp: ws://127.0.0.1:44626/devtoo..., se:cdpVersion: 85.0, setWindowRect: true, strictFileInteractability: false, timeouts: {implicit: 0, pageLoad: 300000, script: 30000}, unhandledPromptBehavior: dismiss and notify}
Session ID: 318f5cf5-f748-4743-bc98-5d10a706f7db">
      <![CDATA[org.openqa.selenium.NoSuchElementException: Unable to locate element: #cPassword
For documentation on this error, please visit: https://www.selenium.dev/documentation/webdriver/troubleshooting/errors#no-such-element-exception
Build info: version: '4.19.1', revision: 'abe0ee07dc'
System info: os.name: 'Mac OS X', os.arch: 'x86_64', os.version: '13.5.2', java.version: '21.0.1'
Driver info: org.openqa.selenium.firefox.FirefoxDriver
Command: [318f5cf5-f748-4743-bc98-5d10a706f7db, findElement {using=id, value=cPassword}]
Capabilities {acceptInsecureCerts: true, browserName: firefox, browserVersion: 124.0.2, moz:accessibilityChecks: false, moz:buildID: 20240401114208, moz:debuggerAddress: 127.0.0.1:44626, moz:geckodriverVersion: 0.34.0, moz:headless: false, moz:platformVersion: 22.6.0, moz:processID: 2759, moz:profile: /var/folders/yc/rhwgwsvx58g..., moz:shutdownTimeout: 60000, moz:webdriverClick: true, moz:windowless: false, pageLoadStrategy: normal, platformName: mac, proxy: Proxy(), se:cdp: ws://127.0.0.1:44626/devtoo..., se:cdpVersion: 85.0, setWindowRect: true, strictFileInteractability: false, timeouts: {implicit: 0, pageLoad: 300000, script: 30000}, unhandledPromptBehavior: dismiss and notify}
Session ID: 318f5cf5-f748-4743-bc98-5d10a706f7db
at org.openqa.selenium.remote.ErrorCodec.decode(ErrorCodec.java:167)
at org.openqa.selenium.remote.codec.w3c.W3CHttpResponseCodec.decode(W3CHttpResponseCodec.java:138)
at org.openqa.selenium.remote.codec.w3c.W3CHttpResponseCodec.decode(W3CHttpResponseCodec.java:50)
at org.openqa.selenium.remote.HttpCommandExecutor.execute(HttpCommandExecutor.java:190)
at org.openqa.selenium.remote.service.DriverCommandExecutor.invokeExecute(DriverCommandExecutor.java:216)
at org.openqa.selenium.remote.service.DriverCommandExecutor.execute(DriverCommandExecutor.java:174)
at org.openqa.selenium.remote.RemoteWebDriver.execute(RemoteWebDriver.java:518)
at org.openqa.selenium.remote.ElementLocation$ElementFinder$2.findElement(ElementLocation.java:165)
at org.openqa.selenium.remote.ElementLocation.findElement(ElementLocation.java:59)
at org.openqa.selenium.remote.RemoteWebDriver.findElement(RemoteWebDriver.java:355)
at org.openqa.selenium.remote.RemoteWebDriver.findElement(RemoteWebDriver.java:349)
at parampoint.Signup.RefferParams(Signup.java:26)
at parampoint.Signup.test03(Signup.java:65)
at java.base/java.util.concurrent.ThreadPoolExecutor.runWorker(ThreadPoolExecutor.java:1144)
at java.base/java.util.concurrent.ThreadPoolExecutor$Worker.run(ThreadPoolExecutor.java:642)
at java.base/java.lang.Thread.run(Thread.java:1583)
... Removed 13 stack frames]]>
    </failure>
  </testcase> <!-- test03 -->
  <testcase classname="parampoint.Signup" name="test08" time="26.959">
    <failure type="org.openqa.selenium.NoSuchElementException" message="Unable to locate element: #cPassword
For documentation on this error, please visit: https://www.selenium.dev/documentation/webdriver/troubleshooting/errors#no-such-element-exception
Build info: version: &amp;apos;4.19.1&amp;apos;, revision: &amp;apos;abe0ee07dc&amp;apos;
System info: os.name: &amp;apos;Mac OS X&amp;apos;, os.arch: &amp;apos;x86_64&amp;apos;, os.version: &amp;apos;13.5.2&amp;apos;, java.version: &amp;apos;21.0.1&amp;apos;
Driver info: org.openqa.selenium.firefox.FirefoxDriver
Command: [c290e03c-e6c8-4dc0-8c7c-ada8f8bd6ce7, findElement {using=id, value=cPassword}]
Capabilities {acceptInsecureCerts: true, browserName: firefox, browserVersion: 124.0.2, moz:accessibilityChecks: false, moz:buildID: 20240401114208, moz:debuggerAddress: 127.0.0.1:10459, moz:geckodriverVersion: 0.34.0, moz:headless: false, moz:platformVersion: 22.6.0, moz:processID: 2758, moz:profile: /var/folders/yc/rhwgwsvx58g..., moz:shutdownTimeout: 60000, moz:webdriverClick: true, moz:windowless: false, pageLoadStrategy: normal, platformName: mac, proxy: Proxy(), se:cdp: ws://127.0.0.1:10459/devtoo..., se:cdpVersion: 85.0, setWindowRect: true, strictFileInteractability: false, timeouts: {implicit: 0, pageLoad: 300000, script: 30000}, unhandledPromptBehavior: dismiss and notify}
Session ID: c290e03c-e6c8-4dc0-8c7c-ada8f8bd6ce7">
      <![CDATA[org.openqa.selenium.NoSuchElementException: Unable to locate element: #cPassword
For documentation on this error, please visit: https://www.selenium.dev/documentation/webdriver/troubleshooting/errors#no-such-element-exception
Build info: version: '4.19.1', revision: 'abe0ee07dc'
System info: os.name: 'Mac OS X', os.arch: 'x86_64', os.version: '13.5.2', java.version: '21.0.1'
Driver info: org.openqa.selenium.firefox.FirefoxDriver
Command: [c290e03c-e6c8-4dc0-8c7c-ada8f8bd6ce7, findElement {using=id, value=cPassword}]
Capabilities {acceptInsecureCerts: true, browserName: firefox, browserVersion: 124.0.2, moz:accessibilityChecks: false, moz:buildID: 20240401114208, moz:debuggerAddress: 127.0.0.1:10459, moz:geckodriverVersion: 0.34.0, moz:headless: false, moz:platformVersion: 22.6.0, moz:processID: 2758, moz:profile: /var/folders/yc/rhwgwsvx58g..., moz:shutdownTimeout: 60000, moz:webdriverClick: true, moz:windowless: false, pageLoadStrategy: normal, platformName: mac, proxy: Proxy(), se:cdp: ws://127.0.0.1:10459/devtoo..., se:cdpVersion: 85.0, setWindowRect: true, strictFileInteractability: false, timeouts: {implicit: 0, pageLoad: 300000, script: 30000}, unhandledPromptBehavior: dismiss and notify}
Session ID: c290e03c-e6c8-4dc0-8c7c-ada8f8bd6ce7
at org.openqa.selenium.remote.ErrorCodec.decode(ErrorCodec.java:167)
at org.openqa.selenium.remote.codec.w3c.W3CHttpResponseCodec.decode(W3CHttpResponseCodec.java:138)
at org.openqa.selenium.remote.codec.w3c.W3CHttpResponseCodec.decode(W3CHttpResponseCodec.java:50)
at org.openqa.selenium.remote.HttpCommandExecutor.execute(HttpCommandExecutor.java:190)
at org.openqa.selenium.remote.service.DriverCommandExecutor.invokeExecute(DriverCommandExecutor.java:216)
at org.openqa.selenium.remote.service.DriverCommandExecutor.execute(DriverCommandExecutor.java:174)
at org.openqa.selenium.remote.RemoteWebDriver.execute(RemoteWebDriver.java:518)
at org.openqa.selenium.remote.ElementLocation$ElementFinder$2.findElement(ElementLocation.java:165)
at org.openqa.selenium.remote.ElementLocation.findElement(ElementLocation.java:59)
at org.openqa.selenium.remote.RemoteWebDriver.findElement(RemoteWebDriver.java:355)
at org.openqa.selenium.remote.RemoteWebDriver.findElement(RemoteWebDriver.java:349)
at parampoint.Signup.RefferParams(Signup.java:26)
at parampoint.Signup.test08(Signup.java:85)
at java.base/java.util.concurrent.ThreadPoolExecutor.runWorker(ThreadPoolExecutor.java:1144)
at java.base/java.util.concurrent.ThreadPoolExecutor$Worker.run(ThreadPoolExecutor.java:642)
at java.base/java.lang.Thread.run(Thread.java:1583)
... Removed 13 stack frames]]>
    </failure>
  </testcase> <!-- test08 -->
  <testcase classname="parampoint.Signup" name="test04" time="26.975">
    <failure type="org.openqa.selenium.NoSuchElementException" message="Unable to locate element: #cPassword
For documentation on this error, please visit: https://www.selenium.dev/documentation/webdriver/troubleshooting/errors#no-such-element-exception
Build info: version: &amp;apos;4.19.1&amp;apos;, revision: &amp;apos;abe0ee07dc&amp;apos;
System info: os.name: &amp;apos;Mac OS X&amp;apos;, os.arch: &amp;apos;x86_64&amp;apos;, os.version: &amp;apos;13.5.2&amp;apos;, java.version: &amp;apos;21.0.1&amp;apos;
Driver info: org.openqa.selenium.firefox.FirefoxDriver
Command: [bac8db88-b1b7-4e2d-87a7-a9cb97454aac, findElement {using=id, value=cPassword}]
Capabilities {acceptInsecureCerts: true, browserName: firefox, browserVersion: 124.0.2, moz:accessibilityChecks: false, moz:buildID: 20240401114208, moz:debuggerAddress: 127.0.0.1:23910, moz:geckodriverVersion: 0.34.0, moz:headless: false, moz:platformVersion: 22.6.0, moz:processID: 2761, moz:profile: /var/folders/yc/rhwgwsvx58g..., moz:shutdownTimeout: 60000, moz:webdriverClick: true, moz:windowless: false, pageLoadStrategy: normal, platformName: mac, proxy: Proxy(), se:cdp: ws://127.0.0.1:23910/devtoo..., se:cdpVersion: 85.0, setWindowRect: true, strictFileInteractability: false, timeouts: {implicit: 0, pageLoad: 300000, script: 30000}, unhandledPromptBehavior: dismiss and notify}
Session ID: bac8db88-b1b7-4e2d-87a7-a9cb97454aac">
      <![CDATA[org.openqa.selenium.NoSuchElementException: Unable to locate element: #cPassword
For documentation on this error, please visit: https://www.selenium.dev/documentation/webdriver/troubleshooting/errors#no-such-element-exception
Build info: version: '4.19.1', revision: 'abe0ee07dc'
System info: os.name: 'Mac OS X', os.arch: 'x86_64', os.version: '13.5.2', java.version: '21.0.1'
Driver info: org.openqa.selenium.firefox.FirefoxDriver
Command: [bac8db88-b1b7-4e2d-87a7-a9cb97454aac, findElement {using=id, value=cPassword}]
Capabilities {acceptInsecureCerts: true, browserName: firefox, browserVersion: 124.0.2, moz:accessibilityChecks: false, moz:buildID: 20240401114208, moz:debuggerAddress: 127.0.0.1:23910, moz:geckodriverVersion: 0.34.0, moz:headless: false, moz:platformVersion: 22.6.0, moz:processID: 2761, moz:profile: /var/folders/yc/rhwgwsvx58g..., moz:shutdownTimeout: 60000, moz:webdriverClick: true, moz:windowless: false, pageLoadStrategy: normal, platformName: mac, proxy: Proxy(), se:cdp: ws://127.0.0.1:23910/devtoo..., se:cdpVersion: 85.0, setWindowRect: true, strictFileInteractability: false, timeouts: {implicit: 0, pageLoad: 300000, script: 30000}, unhandledPromptBehavior: dismiss and notify}
Session ID: bac8db88-b1b7-4e2d-87a7-a9cb97454aac
at org.openqa.selenium.remote.ErrorCodec.decode(ErrorCodec.java:167)
at org.openqa.selenium.remote.codec.w3c.W3CHttpResponseCodec.decode(W3CHttpResponseCodec.java:138)
at org.openqa.selenium.remote.codec.w3c.W3CHttpResponseCodec.decode(W3CHttpResponseCodec.java:50)
at org.openqa.selenium.remote.HttpCommandExecutor.execute(HttpCommandExecutor.java:190)
at org.openqa.selenium.remote.service.DriverCommandExecutor.invokeExecute(DriverCommandExecutor.java:216)
at org.openqa.selenium.remote.service.DriverCommandExecutor.execute(DriverCommandExecutor.java:174)
at org.openqa.selenium.remote.RemoteWebDriver.execute(RemoteWebDriver.java:518)
at org.openqa.selenium.remote.ElementLocation$ElementFinder$2.findElement(ElementLocation.java:165)
at org.openqa.selenium.remote.ElementLocation.findElement(ElementLocation.java:59)
at org.openqa.selenium.remote.RemoteWebDriver.findElement(RemoteWebDriver.java:355)
at org.openqa.selenium.remote.RemoteWebDriver.findElement(RemoteWebDriver.java:349)
at parampoint.Signup.RefferParams(Signup.java:26)
at parampoint.Signup.test04(Signup.java:69)
at java.base/java.util.concurrent.ThreadPoolExecutor.runWorker(ThreadPoolExecutor.java:1144)
at java.base/java.util.concurrent.ThreadPoolExecutor$Worker.run(ThreadPoolExecutor.java:642)
at java.base/java.lang.Thread.run(Thread.java:1583)
... Removed 13 stack frames]]>
    </failure>
  </testcase> <!-- test04 -->
  <testcase classname="parampoint.Signup" name="test02" time="27.305">
    <failure type="org.openqa.selenium.NoSuchElementException" message="Unable to locate element: #cPassword
For documentation on this error, please visit: https://www.selenium.dev/documentation/webdriver/troubleshooting/errors#no-such-element-exception
Build info: version: &amp;apos;4.19.1&amp;apos;, revision: &amp;apos;abe0ee07dc&amp;apos;
System info: os.name: &amp;apos;Mac OS X&amp;apos;, os.arch: &amp;apos;x86_64&amp;apos;, os.version: &amp;apos;13.5.2&amp;apos;, java.version: &amp;apos;21.0.1&amp;apos;
Driver info: org.openqa.selenium.firefox.FirefoxDriver
Command: [0b20b45a-98cf-4f70-a508-12279304b056, findElement {using=id, value=cPassword}]
Capabilities {acceptInsecureCerts: true, browserName: firefox, browserVersion: 124.0.2, moz:accessibilityChecks: false, moz:buildID: 20240401114208, moz:debuggerAddress: 127.0.0.1:24302, moz:geckodriverVersion: 0.34.0, moz:headless: false, moz:platformVersion: 22.6.0, moz:processID: 2766, moz:profile: /var/folders/yc/rhwgwsvx58g..., moz:shutdownTimeout: 60000, moz:webdriverClick: true, moz:windowless: false, pageLoadStrategy: normal, platformName: mac, proxy: Proxy(), se:cdp: ws://127.0.0.1:24302/devtoo..., se:cdpVersion: 85.0, setWindowRect: true, strictFileInteractability: false, timeouts: {implicit: 0, pageLoad: 300000, script: 30000}, unhandledPromptBehavior: dismiss and notify}
Session ID: 0b20b45a-98cf-4f70-a508-12279304b056">
      <![CDATA[org.openqa.selenium.NoSuchElementException: Unable to locate element: #cPassword
For documentation on this error, please visit: https://www.selenium.dev/documentation/webdriver/troubleshooting/errors#no-such-element-exception
Build info: version: '4.19.1', revision: 'abe0ee07dc'
System info: os.name: 'Mac OS X', os.arch: 'x86_64', os.version: '13.5.2', java.version: '21.0.1'
Driver info: org.openqa.selenium.firefox.FirefoxDriver
Command: [0b20b45a-98cf-4f70-a508-12279304b056, findElement {using=id, value=cPassword}]
Capabilities {acceptInsecureCerts: true, browserName: firefox, browserVersion: 124.0.2, moz:accessibilityChecks: false, moz:buildID: 20240401114208, moz:debuggerAddress: 127.0.0.1:24302, moz:geckodriverVersion: 0.34.0, moz:headless: false, moz:platformVersion: 22.6.0, moz:processID: 2766, moz:profile: /var/folders/yc/rhwgwsvx58g..., moz:shutdownTimeout: 60000, moz:webdriverClick: true, moz:windowless: false, pageLoadStrategy: normal, platformName: mac, proxy: Proxy(), se:cdp: ws://127.0.0.1:24302/devtoo..., se:cdpVersion: 85.0, setWindowRect: true, strictFileInteractability: false, timeouts: {implicit: 0, pageLoad: 300000, script: 30000}, unhandledPromptBehavior: dismiss and notify}
Session ID: 0b20b45a-98cf-4f70-a508-12279304b056
at org.openqa.selenium.remote.ErrorCodec.decode(ErrorCodec.java:167)
at org.openqa.selenium.remote.codec.w3c.W3CHttpResponseCodec.decode(W3CHttpResponseCodec.java:138)
at org.openqa.selenium.remote.codec.w3c.W3CHttpResponseCodec.decode(W3CHttpResponseCodec.java:50)
at org.openqa.selenium.remote.HttpCommandExecutor.execute(HttpCommandExecutor.java:190)
at org.openqa.selenium.remote.service.DriverCommandExecutor.invokeExecute(DriverCommandExecutor.java:216)
at org.openqa.selenium.remote.service.DriverCommandExecutor.execute(DriverCommandExecutor.java:174)
at org.openqa.selenium.remote.RemoteWebDriver.execute(RemoteWebDriver.java:518)
at org.openqa.selenium.remote.ElementLocation$ElementFinder$2.findElement(ElementLocation.java:165)
at org.openqa.selenium.remote.ElementLocation.findElement(ElementLocation.java:59)
at org.openqa.selenium.remote.RemoteWebDriver.findElement(RemoteWebDriver.java:355)
at org.openqa.selenium.remote.RemoteWebDriver.findElement(RemoteWebDriver.java:349)
at parampoint.Signup.RefferParams(Signup.java:26)
at parampoint.Signup.test02(Signup.java:61)
at java.base/java.util.concurrent.ThreadPoolExecutor.runWorker(ThreadPoolExecutor.java:1144)
at java.base/java.util.concurrent.ThreadPoolExecutor$Worker.run(ThreadPoolExecutor.java:642)
at java.base/java.lang.Thread.run(Thread.java:1583)
... Removed 13 stack frames]]>
    </failure>
  </testcase> <!-- test02 -->
  <testcase classname="parampoint.Signup" name="test05" time="36.457">
    <failure type="org.openqa.selenium.NoSuchElementException" message="Unable to locate element: //iframe[@class=&amp;apos;w-full overflow-scroll&amp;apos;]
For documentation on this error, please visit: https://www.selenium.dev/documentation/webdriver/troubleshooting/errors#no-such-element-exception
Build info: version: &amp;apos;4.19.1&amp;apos;, revision: &amp;apos;abe0ee07dc&amp;apos;
System info: os.name: &amp;apos;Mac OS X&amp;apos;, os.arch: &amp;apos;x86_64&amp;apos;, os.version: &amp;apos;13.5.2&amp;apos;, java.version: &amp;apos;21.0.1&amp;apos;
Driver info: org.openqa.selenium.firefox.FirefoxDriver
Command: [151371a8-894d-4e87-8fe2-e4d8f4211293, findElement {using=xpath, value=//iframe[@class=&amp;apos;w-full overflow-scroll&amp;apos;]}]
Capabilities {acceptInsecureCerts: true, browserName: firefox, browserVersion: 124.0.2, moz:accessibilityChecks: false, moz:buildID: 20240401114208, moz:debuggerAddress: 127.0.0.1:24890, moz:geckodriverVersion: 0.34.0, moz:headless: false, moz:platformVersion: 22.6.0, moz:processID: 2767, moz:profile: /var/folders/yc/rhwgwsvx58g..., moz:shutdownTimeout: 60000, moz:webdriverClick: true, moz:windowless: false, pageLoadStrategy: normal, platformName: mac, proxy: Proxy(), se:cdp: ws://127.0.0.1:24890/devtoo..., se:cdpVersion: 85.0, setWindowRect: true, strictFileInteractability: false, timeouts: {implicit: 0, pageLoad: 300000, script: 30000}, unhandledPromptBehavior: dismiss and notify}
Session ID: 151371a8-894d-4e87-8fe2-e4d8f4211293">
      <![CDATA[org.openqa.selenium.NoSuchElementException: Unable to locate element: //iframe[@class='w-full overflow-scroll']
For documentation on this error, please visit: https://www.selenium.dev/documentation/webdriver/troubleshooting/errors#no-such-element-exception
Build info: version: '4.19.1', revision: 'abe0ee07dc'
System info: os.name: 'Mac OS X', os.arch: 'x86_64', os.version: '13.5.2', java.version: '21.0.1'
Driver info: org.openqa.selenium.firefox.FirefoxDriver
Command: [151371a8-894d-4e87-8fe2-e4d8f4211293, findElement {using=xpath, value=//iframe[@class='w-full overflow-scroll']}]
Capabilities {acceptInsecureCerts: true, browserName: firefox, browserVersion: 124.0.2, moz:accessibilityChecks: false, moz:buildID: 20240401114208, moz:debuggerAddress: 127.0.0.1:24890, moz:geckodriverVersion: 0.34.0, moz:headless: false, moz:platformVersion: 22.6.0, moz:processID: 2767, moz:profile: /var/folders/yc/rhwgwsvx58g..., moz:shutdownTimeout: 60000, moz:webdriverClick: true, moz:windowless: false, pageLoadStrategy: normal, platformName: mac, proxy: Proxy(), se:cdp: ws://127.0.0.1:24890/devtoo..., se:cdpVersion: 85.0, setWindowRect: true, strictFileInteractability: false, timeouts: {implicit: 0, pageLoad: 300000, script: 30000}, unhandledPromptBehavior: dismiss and notify}
Session ID: 151371a8-894d-4e87-8fe2-e4d8f4211293
at org.openqa.selenium.remote.ErrorCodec.decode(ErrorCodec.java:167)
at org.openqa.selenium.remote.codec.w3c.W3CHttpResponseCodec.decode(W3CHttpResponseCodec.java:138)
at org.openqa.selenium.remote.codec.w3c.W3CHttpResponseCodec.decode(W3CHttpResponseCodec.java:50)
at org.openqa.selenium.remote.HttpCommandExecutor.execute(HttpCommandExecutor.java:190)
at org.openqa.selenium.remote.service.DriverCommandExecutor.invokeExecute(DriverCommandExecutor.java:216)
at org.openqa.selenium.remote.service.DriverCommandExecutor.execute(DriverCommandExecutor.java:174)
at org.openqa.selenium.remote.RemoteWebDriver.execute(RemoteWebDriver.java:518)
at org.openqa.selenium.remote.ElementLocation$ElementFinder$2.findElement(ElementLocation.java:165)
at org.openqa.selenium.remote.ElementLocation.findElement(ElementLocation.java:59)
at org.openqa.selenium.remote.RemoteWebDriver.findElement(RemoteWebDriver.java:355)
at org.openqa.selenium.remote.RemoteWebDriver.findElement(RemoteWebDriver.java:349)
at parampoint.Signup.RefferParams(Signup.java:36)
at parampoint.Signup.test05(Signup.java:73)
at java.base/java.util.concurrent.ThreadPoolExecutor.runWorker(ThreadPoolExecutor.java:1144)
at java.base/java.util.concurrent.ThreadPoolExecutor$Worker.run(ThreadPoolExecutor.java:642)
at java.base/java.lang.Thread.run(Thread.java:1583)
... Removed 13 stack frames]]>
    </failure>
  </testcase> <!-- test05 -->
  <testcase classname="parampoint.Signup" name="test10" time="69.115">
    <failure type="org.openqa.selenium.NoSuchElementException" message="Unable to locate element: //iframe[@class=&amp;apos;w-full overflow-scroll&amp;apos;]
For documentation on this error, please visit: https://www.selenium.dev/documentation/webdriver/troubleshooting/errors#no-such-element-exception
Build info: version: &amp;apos;4.19.1&amp;apos;, revision: &amp;apos;abe0ee07dc&amp;apos;
System info: os.name: &amp;apos;Mac OS X&amp;apos;, os.arch: &amp;apos;x86_64&amp;apos;, os.version: &amp;apos;13.5.2&amp;apos;, java.version: &amp;apos;21.0.1&amp;apos;
Driver info: org.openqa.selenium.firefox.FirefoxDriver
Command: [65f6073e-3b8d-4b9f-97a2-ec9ba7a47088, findElement {using=xpath, value=//iframe[@class=&amp;apos;w-full overflow-scroll&amp;apos;]}]
Capabilities {acceptInsecureCerts: true, browserName: firefox, browserVersion: 124.0.2, moz:accessibilityChecks: false, moz:buildID: 20240401114208, moz:debuggerAddress: 127.0.0.1:8909, moz:geckodriverVersion: 0.34.0, moz:headless: false, moz:platformVersion: 22.6.0, moz:processID: 2903, moz:profile: /var/folders/yc/rhwgwsvx58g..., moz:shutdownTimeout: 60000, moz:webdriverClick: true, moz:windowless: false, pageLoadStrategy: normal, platformName: mac, proxy: Proxy(), se:cdp: ws://127.0.0.1:8909/devtool..., se:cdpVersion: 85.0, setWindowRect: true, strictFileInteractability: false, timeouts: {implicit: 0, pageLoad: 300000, script: 30000}, unhandledPromptBehavior: dismiss and notify}
Session ID: 65f6073e-3b8d-4b9f-97a2-ec9ba7a47088">
      <![CDATA[org.openqa.selenium.NoSuchElementException: Unable to locate element: //iframe[@class='w-full overflow-scroll']
For documentation on this error, please visit: https://www.selenium.dev/documentation/webdriver/troubleshooting/errors#no-such-element-exception
Build info: version: '4.19.1', revision: 'abe0ee07dc'
System info: os.name: 'Mac OS X', os.arch: 'x86_64', os.version: '13.5.2', java.version: '21.0.1'
Driver info: org.openqa.selenium.firefox.FirefoxDriver
Command: [65f6073e-3b8d-4b9f-97a2-ec9ba7a47088, findElement {using=xpath, value=//iframe[@class='w-full overflow-scroll']}]
Capabilities {acceptInsecureCerts: true, browserName: firefox, browserVersion: 124.0.2, moz:accessibilityChecks: false, moz:buildID: 20240401114208, moz:debuggerAddress: 127.0.0.1:8909, moz:geckodriverVersion: 0.34.0, moz:headless: false, moz:platformVersion: 22.6.0, moz:processID: 2903, moz:profile: /var/folders/yc/rhwgwsvx58g..., moz:shutdownTimeout: 60000, moz:webdriverClick: true, moz:windowless: false, pageLoadStrategy: normal, platformName: mac, proxy: Proxy(), se:cdp: ws://127.0.0.1:8909/devtool..., se:cdpVersion: 85.0, setWindowRect: true, strictFileInteractability: false, timeouts: {implicit: 0, pageLoad: 300000, script: 30000}, unhandledPromptBehavior: dismiss and notify}
Session ID: 65f6073e-3b8d-4b9f-97a2-ec9ba7a47088
at org.openqa.selenium.remote.ErrorCodec.decode(ErrorCodec.java:167)
at org.openqa.selenium.remote.codec.w3c.W3CHttpResponseCodec.decode(W3CHttpResponseCodec.java:138)
at org.openqa.selenium.remote.codec.w3c.W3CHttpResponseCodec.decode(W3CHttpResponseCodec.java:50)
at org.openqa.selenium.remote.HttpCommandExecutor.execute(HttpCommandExecutor.java:190)
at org.openqa.selenium.remote.service.DriverCommandExecutor.invokeExecute(DriverCommandExecutor.java:216)
at org.openqa.selenium.remote.service.DriverCommandExecutor.execute(DriverCommandExecutor.java:174)
at org.openqa.selenium.remote.RemoteWebDriver.execute(RemoteWebDriver.java:518)
at org.openqa.selenium.remote.ElementLocation$ElementFinder$2.findElement(ElementLocation.java:165)
at org.openqa.selenium.remote.ElementLocation.findElement(ElementLocation.java:59)
at org.openqa.selenium.remote.RemoteWebDriver.findElement(RemoteWebDriver.java:355)
at org.openqa.selenium.remote.RemoteWebDriver.findElement(RemoteWebDriver.java:349)
at parampoint.Signup.RefferParams(Signup.java:36)
at parampoint.Signup.test10(Signup.java:93)
at java.base/java.util.concurrent.ThreadPoolExecutor.runWorker(ThreadPoolExecutor.java:1144)
at java.base/java.util.concurrent.ThreadPoolExecutor$Worker.run(ThreadPoolExecutor.java:642)
at java.base/java.lang.Thread.run(Thread.java:1583)
... Removed 13 stack frames]]>
    </failure>
  </testcase> <!-- test10 -->
  <testcase classname="parampoint.Signup" name="test07" time="138.333">
    <failure type="org.openqa.selenium.NoSuchElementException" message="Unable to locate element: #cPassword
For documentation on this error, please visit: https://www.selenium.dev/documentation/webdriver/troubleshooting/errors#no-such-element-exception
Build info: version: &amp;apos;4.19.1&amp;apos;, revision: &amp;apos;abe0ee07dc&amp;apos;
System info: os.name: &amp;apos;Mac OS X&amp;apos;, os.arch: &amp;apos;x86_64&amp;apos;, os.version: &amp;apos;13.5.2&amp;apos;, java.version: &amp;apos;21.0.1&amp;apos;
Driver info: org.openqa.selenium.firefox.FirefoxDriver
Command: [0355e083-110e-469f-a78b-3507ba3c08c1, findElement {using=id, value=cPassword}]
Capabilities {acceptInsecureCerts: true, browserName: firefox, browserVersion: 124.0.2, moz:accessibilityChecks: false, moz:buildID: 20240401114208, moz:debuggerAddress: 127.0.0.1:25212, moz:geckodriverVersion: 0.34.0, moz:headless: false, moz:platformVersion: 22.6.0, moz:processID: 3037, moz:profile: /var/folders/yc/rhwgwsvx58g..., moz:shutdownTimeout: 60000, moz:webdriverClick: true, moz:windowless: false, pageLoadStrategy: normal, platformName: mac, proxy: Proxy(), se:cdp: ws://127.0.0.1:25212/devtoo..., se:cdpVersion: 85.0, setWindowRect: true, strictFileInteractability: false, timeouts: {implicit: 0, pageLoad: 300000, script: 30000}, unhandledPromptBehavior: dismiss and notify}
Session ID: 0355e083-110e-469f-a78b-3507ba3c08c1">
      <![CDATA[org.openqa.selenium.NoSuchElementException: Unable to locate element: #cPassword
For documentation on this error, please visit: https://www.selenium.dev/documentation/webdriver/troubleshooting/errors#no-such-element-exception
Build info: version: '4.19.1', revision: 'abe0ee07dc'
System info: os.name: 'Mac OS X', os.arch: 'x86_64', os.version: '13.5.2', java.version: '21.0.1'
Driver info: org.openqa.selenium.firefox.FirefoxDriver
Command: [0355e083-110e-469f-a78b-3507ba3c08c1, findElement {using=id, value=cPassword}]
Capabilities {acceptInsecureCerts: true, browserName: firefox, browserVersion: 124.0.2, moz:accessibilityChecks: false, moz:buildID: 20240401114208, moz:debuggerAddress: 127.0.0.1:25212, moz:geckodriverVersion: 0.34.0, moz:headless: false, moz:platformVersion: 22.6.0, moz:processID: 3037, moz:profile: /var/folders/yc/rhwgwsvx58g..., moz:shutdownTimeout: 60000, moz:webdriverClick: true, moz:windowless: false, pageLoadStrategy: normal, platformName: mac, proxy: Proxy(), se:cdp: ws://127.0.0.1:25212/devtoo..., se:cdpVersion: 85.0, setWindowRect: true, strictFileInteractability: false, timeouts: {implicit: 0, pageLoad: 300000, script: 30000}, unhandledPromptBehavior: dismiss and notify}
Session ID: 0355e083-110e-469f-a78b-3507ba3c08c1
at org.openqa.selenium.remote.ErrorCodec.decode(ErrorCodec.java:167)
at org.openqa.selenium.remote.codec.w3c.W3CHttpResponseCodec.decode(W3CHttpResponseCodec.java:138)
at org.openqa.selenium.remote.codec.w3c.W3CHttpResponseCodec.decode(W3CHttpResponseCodec.java:50)
at org.openqa.selenium.remote.HttpCommandExecutor.execute(HttpCommandExecutor.java:190)
at org.openqa.selenium.remote.service.DriverCommandExecutor.invokeExecute(DriverCommandExecutor.java:216)
at org.openqa.selenium.remote.service.DriverCommandExecutor.execute(DriverCommandExecutor.java:174)
at org.openqa.selenium.remote.RemoteWebDriver.execute(RemoteWebDriver.java:518)
at org.openqa.selenium.remote.ElementLocation$ElementFinder$2.findElement(ElementLocation.java:165)
at org.openqa.selenium.remote.ElementLocation.findElement(ElementLocation.java:59)
at org.openqa.selenium.remote.RemoteWebDriver.findElement(RemoteWebDriver.java:355)
at org.openqa.selenium.remote.RemoteWebDriver.findElement(RemoteWebDriver.java:349)
at parampoint.Signup.RefferParams(Signup.java:26)
at parampoint.Signup.test07(Signup.java:81)
at java.base/java.util.concurrent.ThreadPoolExecutor.runWorker(ThreadPoolExecutor.java:1144)
at java.base/java.util.concurrent.ThreadPoolExecutor$Worker.run(ThreadPoolExecutor.java:642)
at java.base/java.lang.Thread.run(Thread.java:1583)
... Removed 13 stack frames]]>
    </failure>
  </testcase> <!-- test07 -->
  <testcase classname="parampoint.Signup" name="test06" time="180.89">
    <failure type="org.openqa.selenium.NoSuchElementException" message="Unable to locate element: #cPassword
For documentation on this error, please visit: https://www.selenium.dev/documentation/webdriver/troubleshooting/errors#no-such-element-exception
Build info: version: &amp;apos;4.19.1&amp;apos;, revision: &amp;apos;abe0ee07dc&amp;apos;
System info: os.name: &amp;apos;Mac OS X&amp;apos;, os.arch: &amp;apos;x86_64&amp;apos;, os.version: &amp;apos;13.5.2&amp;apos;, java.version: &amp;apos;21.0.1&amp;apos;
Driver info: org.openqa.selenium.firefox.FirefoxDriver
Command: [94319d95-4cc5-4a4c-9419-1c3546339d79, findElement {using=id, value=cPassword}]
Capabilities {acceptInsecureCerts: true, browserName: firefox, browserVersion: 124.0.2, moz:accessibilityChecks: false, moz:buildID: 20240401114208, moz:debuggerAddress: 127.0.0.1:36597, moz:geckodriverVersion: 0.34.0, moz:headless: false, moz:platformVersion: 22.6.0, moz:processID: 3095, moz:profile: /var/folders/yc/rhwgwsvx58g..., moz:shutdownTimeout: 60000, moz:webdriverClick: true, moz:windowless: false, pageLoadStrategy: normal, platformName: mac, proxy: Proxy(), se:cdp: ws://127.0.0.1:36597/devtoo..., se:cdpVersion: 85.0, setWindowRect: true, strictFileInteractability: false, timeouts: {implicit: 0, pageLoad: 300000, script: 30000}, unhandledPromptBehavior: dismiss and notify}
Session ID: 94319d95-4cc5-4a4c-9419-1c3546339d79">
      <![CDATA[org.openqa.selenium.NoSuchElementException: Unable to locate element: #cPassword
For documentation on this error, please visit: https://www.selenium.dev/documentation/webdriver/troubleshooting/errors#no-such-element-exception
Build info: version: '4.19.1', revision: 'abe0ee07dc'
System info: os.name: 'Mac OS X', os.arch: 'x86_64', os.version: '13.5.2', java.version: '21.0.1'
Driver info: org.openqa.selenium.firefox.FirefoxDriver
Command: [94319d95-4cc5-4a4c-9419-1c3546339d79, findElement {using=id, value=cPassword}]
Capabilities {acceptInsecureCerts: true, browserName: firefox, browserVersion: 124.0.2, moz:accessibilityChecks: false, moz:buildID: 20240401114208, moz:debuggerAddress: 127.0.0.1:36597, moz:geckodriverVersion: 0.34.0, moz:headless: false, moz:platformVersion: 22.6.0, moz:processID: 3095, moz:profile: /var/folders/yc/rhwgwsvx58g..., moz:shutdownTimeout: 60000, moz:webdriverClick: true, moz:windowless: false, pageLoadStrategy: normal, platformName: mac, proxy: Proxy(), se:cdp: ws://127.0.0.1:36597/devtoo..., se:cdpVersion: 85.0, setWindowRect: true, strictFileInteractability: false, timeouts: {implicit: 0, pageLoad: 300000, script: 30000}, unhandledPromptBehavior: dismiss and notify}
Session ID: 94319d95-4cc5-4a4c-9419-1c3546339d79
at org.openqa.selenium.remote.ErrorCodec.decode(ErrorCodec.java:167)
at org.openqa.selenium.remote.codec.w3c.W3CHttpResponseCodec.decode(W3CHttpResponseCodec.java:138)
at org.openqa.selenium.remote.codec.w3c.W3CHttpResponseCodec.decode(W3CHttpResponseCodec.java:50)
at org.openqa.selenium.remote.HttpCommandExecutor.execute(HttpCommandExecutor.java:190)
at org.openqa.selenium.remote.service.DriverCommandExecutor.invokeExecute(DriverCommandExecutor.java:216)
at org.openqa.selenium.remote.service.DriverCommandExecutor.execute(DriverCommandExecutor.java:174)
at org.openqa.selenium.remote.RemoteWebDriver.execute(RemoteWebDriver.java:518)
at org.openqa.selenium.remote.ElementLocation$ElementFinder$2.findElement(ElementLocation.java:165)
at org.openqa.selenium.remote.ElementLocation.findElement(ElementLocation.java:59)
at org.openqa.selenium.remote.RemoteWebDriver.findElement(RemoteWebDriver.java:355)
at org.openqa.selenium.remote.RemoteWebDriver.findElement(RemoteWebDriver.java:349)
at parampoint.Signup.RefferParams(Signup.java:26)
at parampoint.Signup.test06(Signup.java:77)
at java.base/java.util.concurrent.ThreadPoolExecutor.runWorker(ThreadPoolExecutor.java:1144)
at java.base/java.util.concurrent.ThreadPoolExecutor$Worker.run(ThreadPoolExecutor.java:642)
at java.base/java.lang.Thread.run(Thread.java:1583)
... Removed 13 stack frames]]>
    </failure>
  </testcase> <!-- test06 -->
</testsuite> <!-- test -->
